<?xml version="1.0" encoding="UTF-8"?>
<!-- Generated by org.testng.reporters.JUnitXMLReporter -->
<testsuite hostname="OSZ1-LDL-P90258" ignored="0" name="Test all calculator function" tests="4" failures="0" timestamp="13 May 2019 06:53:29 GMT" time="0.04" errors="0">
  <testcase name="add" time="0.011" classname="com.Calculator.CalculatorTest"/>
  <testcase name="div" time="0.001" classname="com.Calculator.CalculatorTest"/>
  <testcase name="mul" time="0.001" classname="com.Calculator.CalculatorTest"/>
  <testcase name="sub" time="0.001" classname="com.Calculator.CalculatorTest"/>
</testsuite> <!-- Test all calculator function -->
